Command line:
   spring_tb_isim_beh.exe
     -simmode  gui
     -simrunnum  0
     -socket  53187

Thu Nov 08 17:09:53 2018


 Elaboration Time: 0.3125 sec

 Current Memory Usage: 5988.43 Meg

 Total Signals          : 18
 Total Nets             : 24
 Total Signal Drivers   : 9
 Total Blocks           : 3
 Total Primitive Blocks : 2
 Total Processes        : 13
 Total Traceable Variables  : 25
 Total Scalar Nets and Variables : 127
Total Line Count : 73

 Total Simulation Time: 0.328125 sec

 Current Memory Usage: 4887.4 Meg

Thu Nov 08 17:55:32 2018

