Running: fuse.exe -relaunch -intstyle "ise" -incremental -lib "unisims_ver" -lib "unimacro_ver" -lib "xilinxcorelib_ver" -o "H:/ISE/P5CPU/mips_tb_isim_beh.exe" -prj "H:/ISE/P5CPU/mips_tb_beh.prj" "work.mips_tb" "work.glbl" 
ISim P.20131013 (signature 0x7708f090)
Number of CPUs detected in this system: 8
Turning on mult-threading, number of parallel sub-compilation jobs: 16 
Determining compilation order of HDL files
Analyzing Verilog file "H:/ISE/P5CPU/TCODE.v" into library work
Analyzing Verilog file "H:/ISE/P5CPU/stalld.v" into library work
Analyzing Verilog file "H:/ISE/P5CPU/STALL.v" into library work
Analyzing Verilog file "H:/ISE/P5CPU/SPI.v" into library work
Analyzing Verilog file "H:/ISE/P5CPU/OR.v" into library work
Analyzing Verilog file "H:/ISE/P5CPU/MUXCL.v" into library work
Analyzing Verilog file "H:/ISE/P5CPU/IM.v" into library work
Analyzing Verilog file "H:/ISE/P5CPU/Forward.v" into library work
Analyzing Verilog file "H:/ISE/P5CPU/Ctrl.v" into library work
Analyzing Verilog file "H:/ISE/P5CPU/BLINK.v" into library work
Analyzing Verilog file "H:/ISE/P5CPU/AND.v" into library work
Analyzing Verilog file "H:/ISE/P5CPU/Wreg.v" into library work
Analyzing Verilog file "H:/ISE/P5CPU/PC.v" into library work
Analyzing Verilog file "H:/ISE/P5CPU/NPC.v" into library work
Analyzing Verilog file "H:/ISE/P5CPU/MUX_4_32.v" into library work
Analyzing Verilog file "H:/ISE/P5CPU/MUX_3_5.v" into library work
Analyzing Verilog file "H:/ISE/P5CPU/MUX_3_32.v" into library work
Analyzing Verilog file "H:/ISE/P5CPU/MUX_2_5.v" into library work
Analyzing Verilog file "H:/ISE/P5CPU/MUX_2_32.v" into library work
Analyzing Verilog file "H:/ISE/P5CPU/Mreg.v" into library work
Analyzing Verilog file "H:/ISE/P5CPU/IFU.v" into library work
Analyzing Verilog file "H:/ISE/P5CPU/hazard.v" into library work
Analyzing Verilog file "H:/ISE/P5CPU/GRF.v" into library work
Analyzing Verilog file "H:/ISE/P5CPU/Feg.v" into library work
Analyzing Verilog file "H:/ISE/P5CPU/EXT.v" into library work
Analyzing Verilog file "H:/ISE/P5CPU/Ereg.v" into library work
Analyzing Verilog file "H:/ISE/P5CPU/DM.v" into library work
Analyzing Verilog file "H:/ISE/P5CPU/Contrler.v" into library work
Analyzing Verilog file "H:/ISE/P5CPU/CMP.v" into library work
Analyzing Verilog file "H:/ISE/P5CPU/ALU.v" into library work
Analyzing Verilog file "H:/ISE/P5CPU/mips.v" into library work
Analyzing Verilog file "H:/ISE/P5CPU/mips_tb.v" into library work
Analyzing Verilog file "H:/14.7/ISE_DS/ISE//verilog/src/glbl.v" into library work
Starting static elaboration
WARNING:HDLCompiler:1016 - "H:/ISE/P5CPU/mips.v" Line 149: Port alusrc is not connected to this instance
WARNING:HDLCompiler:1016 - "H:/ISE/P5CPU/mips.v" Line 235: Port grfdst is not connected to this instance
WARNING:HDLCompiler:1016 - "H:/ISE/P5CPU/mips.v" Line 297: Port grfdst is not connected to this instance
WARNING:HDLCompiler:1016 - "H:/ISE/P5CPU/mips.v" Line 354: Port alusrc is not connected to this instance
Completed static elaboration
Compiling module PC
Compiling module IM
Compiling module IFU
Compiling module Dreg
Compiling module SPI
Compiling module Ctrl
Compiling module AND
Compiling module OR
Compiling module TCODE
Compiling module BLINK
Compiling module MUXCL
Compiling module Contrler
Compiling module GRF
Compiling module CMP
Compiling module EXT
Compiling module NPC
Compiling module Ereg
Compiling module MUX_3_5
Compiling module MUX_2_32
Compiling module ALU
Compiling module Mreg
Compiling module DM
Compiling module Wreg
Compiling module MUX_2_5
Compiling module MUX_3_32
Compiling module Forward
Compiling module STALL
Compiling module stalld
Compiling module hazard
Compiling module MUX_4_32
Compiling module mips
Compiling module mips_tb
Compiling module glbl
Time Resolution for simulation is 1ps.
Waiting for 18 sub-compilation(s) to finish...
WARNING:Simulator - Unable to copy libPortabilityNOSH.dll to the simulation executable directory: boost::filesystem::copy_file: 系统找不到指定的路径。, "isim\mips_tb_isim_beh.exe.sim\libPortability.dll".
Compiled 33 Verilog Units
Built simulation executable H:/ISE/P5CPU/mips_tb_isim_beh.exe
Fuse Memory Usage: 30356 KB
Fuse CPU Usage: 609 ms
