Running: H:\14.7\ISE_DS\ISE\bin\nt64\unwrapped\fuse.exe -intstyle ise -incremental -lib unisims_ver -lib unimacro_ver -lib xilinxcorelib_ver -o H:/ISE/CPU/mip_tb_isim_beh.exe -prj H:/ISE/CPU/mip_tb_beh.prj work.mip_tb work.glbl 
ISim P.20131013 (signature 0x7708f090)
Number of CPUs detected in this system: 8
Turning on mult-threading, number of parallel sub-compilation jobs: 16 
Determining compilation order of HDL files
Analyzing Verilog file "H:/ISE/CPU/OR.v" into library work
Analyzing Verilog file "H:/ISE/CPU/lw.v" into library work
Analyzing Verilog file "H:/ISE/CPU/IM.v" into library work
Analyzing Verilog file "H:/ISE/CPU/Ctrl.v" into library work
Analyzing Verilog file "H:/ISE/CPU/AND.v" into library work
Analyzing Verilog file "H:/ISE/CPU/PCA.v" into library work
Analyzing Verilog file "H:/ISE/CPU/PC.v" into library work
Analyzing Verilog file "H:/ISE/CPU/MUX2.v" into library work
Analyzing Verilog file "H:/ISE/CPU/MUX1.v" into library work
Analyzing Verilog file "H:/ISE/CPU/IFU.v" into library work
Analyzing Verilog file "H:/ISE/CPU/GRF.v" into library work
Analyzing Verilog file "H:/ISE/CPU/EXT.v" into library work
Analyzing Verilog file "H:/ISE/CPU/DM.v" into library work
Analyzing Verilog file "H:/ISE/CPU/Contrl.v" into library work
Analyzing Verilog file "H:/ISE/CPU/ALU.v" into library work
Analyzing Verilog file "H:/ISE/CPU/mips.v" into library work
Analyzing Verilog file "H:/ISE/CPU/mip_tb.v" into library work
Analyzing Verilog file "H:/14.7/ISE_DS/ISE//verilog/src/glbl.v" into library work
Starting static elaboration
Completed static elaboration
Compiling module PC
Compiling module IM
Compiling module spi
Compiling module IFU
Compiling module MUX1
Compiling module MUX2
Compiling module GRF
Compiling module EXT
Compiling module Ctrl
Compiling module AND
Compiling module OR
Compiling module Contrl
Compiling module PCA
Compiling module ALU
Compiling module DM
Compiling module mips
Compiling module mip_tb
Compiling module glbl
Time Resolution for simulation is 1ps.
Waiting for 3 sub-compilation(s) to finish...
WARNING:Simulator - Unable to copy libPortabilityNOSH.dll to the simulation executable directory: boost::filesystem::copy_file: 系统找不到指定的路径。, "isim\mip_tb_isim_beh.exe.sim\libPortability.dll".
Compiled 18 Verilog Units
Built simulation executable H:/ISE/CPU/mip_tb_isim_beh.exe
Fuse Memory Usage: 29808 KB
Fuse CPU Usage: 686 ms
