Running: fuse.exe -relaunch -intstyle "ise" -incremental -lib "unisims_ver" -lib "unimacro_ver" -lib "xilinxcorelib_ver" -o "H:/ISE/pj1/spring_tb_isim_beh.exe" -prj "H:/ISE/pj1/spring_tb_beh.prj" "work.spring_tb" "work.glbl" 
ISim P.20131013 (signature 0x7708f090)
Number of CPUs detected in this system: 8
Turning on mult-threading, number of parallel sub-compilation jobs: 16 
Determining compilation order of HDL files
Analyzing Verilog file "H:/ISE/pj1/string.v" into library work
Analyzing Verilog file "H:/ISE/pj1/spring_tb.v" into library work
Analyzing Verilog file "H:/14.7/ISE_DS/ISE//verilog/src/glbl.v" into library work
Starting static elaboration
Completed static elaboration
Compiling module string
Compiling module spring_tb
Compiling module glbl
Time Resolution for simulation is 1ps.
Waiting for 1 sub-compilation(s) to finish...
WARNING:Simulator - Unable to copy libPortabilityNOSH.dll to the simulation executable directory: boost::filesystem::copy_file: 系统找不到指定的路径。, "isim\spring_tb_isim_beh.exe.sim\libPortability.dll".
Compiled 3 Verilog Units
Built simulation executable H:/ISE/pj1/spring_tb_isim_beh.exe
Fuse Memory Usage: 27532 KB
Fuse CPU Usage: 343 ms
