Command line:
   pipeline_isim_beh.exe
     -simmode  gui
     -simrunnum  0
     -socket  57543

Wed Oct 17 00:41:39 2018


 Elaboration Time: 0.25 sec

 Current Memory Usage: 5987.3 Meg

 Total Signals          : 18
 Total Nets             : 174
 Total Signal Drivers   : 6
 Total Blocks           : 2
 Total Primitive Blocks : 2
 Total Processes        : 9
 Total Traceable Variables  : 21
 Total Scalar Nets and Variables : 382
Total Line Count : 21

 Total Simulation Time: 0.265625 sec

 Current Memory Usage: 5987.3 Meg

Wed Oct 17 00:41:50 2018

