Release 14.7 - xst P.20131013 (nt64)
Copyright (c) 1995-2013 Xilinx, Inc.  All rights reserved.
--> Parameter TMPDIR set to xst/projnav.tmp


Total REAL time to Xst completion: 0.00 secs
Total CPU time to Xst completion: 0.40 secs
 
--> Parameter xsthdpdir set to xst


Total REAL time to Xst completion: 0.00 secs
Total CPU time to Xst completion: 0.40 secs
 
--> Reading design: code.prj

TABLE OF CONTENTS
  1) Synthesis Options Summary
  2) HDL Compilation
  3) Design Hierarchy Analysis
  4) HDL Analysis
  5) HDL Synthesis
     5.1) HDL Synthesis Report
  6) Advanced HDL Synthesis
     6.1) Advanced HDL Synthesis Report
  7) Low Level Synthesis
  8) Partition Report
  9) Final Report
	9.1) Device utilization summary
	9.2) Partition Resource Summary
	9.3) TIMING REPORT


=========================================================================
*                      Synthesis Options Summary                        *
=========================================================================
---- Source Parameters
Input File Name                    : "code.prj"
Input Format                       : mixed
Ignore Synthesis Constraint File   : NO

---- Target Parameters
Output File Name                   : "code"
Output Format                      : NGC
Target Device                      : xa3s50-4-vqg100

---- Source Options
Top Module Name                    : code
Automatic FSM Extraction           : YES
FSM Encoding Algorithm             : Auto
Safe Implementation                : No
FSM Style                          : LUT
RAM Extraction                     : Yes
RAM Style                          : Auto
ROM Extraction                     : Yes
Mux Style                          : Auto
Decoder Extraction                 : YES
Priority Encoder Extraction        : Yes
Shift Register Extraction          : YES
Logical Shifter Extraction         : YES
XOR Collapsing                     : YES
ROM Style                          : Auto
Mux Extraction                     : Yes
Resource Sharing                   : YES
Asynchronous To Synchronous        : NO
Multiplier Style                   : Auto
Automatic Register Balancing       : No

---- Target Options
Add IO Buffers                     : YES
Global Maximum Fanout              : 100000
Add Generic Clock Buffer(BUFG)     : 8
Register Duplication               : YES
Slice Packing                      : YES
Optimize Instantiated Primitives   : NO
Use Clock Enable                   : Yes
Use Synchronous Set                : Yes
Use Synchronous Reset              : Yes
Pack IO Registers into IOBs        : Auto
Equivalent register Removal        : YES

---- General Options
Optimization Goal                  : Speed
Optimization Effort                : 1
Keep Hierarchy                     : No
Netlist Hierarchy                  : As_Optimized
RTL Output                         : Yes
Global Optimization                : AllClockNets
Read Cores                         : YES
Write Timing Constraints           : NO
Cross Clock Analysis               : NO
Hierarchy Separator                : /
Bus Delimiter                      : <>
Case Specifier                     : Maintain
Slice Utilization Ratio            : 100
BRAM Utilization Ratio             : 100
Verilog 2001                       : YES
Auto BRAM Packing                  : NO
Slice Utilization Ratio Delta      : 5

=========================================================================


=========================================================================
*                          HDL Compilation                              *
=========================================================================
Compiling verilog file "code.v" in library work
Module <code> compiled
No errors in compilation
Analysis of file <"code.prj"> succeeded.
 

=========================================================================
*                     Design Hierarchy Analysis                         *
=========================================================================
Analyzing hierarchy for module <code> in library <work>.


=========================================================================
*                            HDL Analysis                               *
=========================================================================
Analyzing top module <code>.
Module <code> is correct for synthesis.
 

=========================================================================
*                           HDL Synthesis                               *
=========================================================================

Performing bidirectional port resolution...

Synthesizing Unit <code>.
    Related source file is "code.v".
    Found 64-bit up counter for signal <ot0>.
    Found 64-bit up counter for signal <ot1>.
    Found 64-bit up counter for signal <temp>.
    Summary:
	inferred   3 Counter(s).
	inferred   1 Adder/Subtractor(s).
Unit <code> synthesized.


=========================================================================
HDL Synthesis Report

Macro Statistics
# Adders/Subtractors                                   : 1
 64-bit adder                                          : 1
# Counters                                             : 3
 64-bit up counter                                     : 3

=========================================================================

=========================================================================
*                       Advanced HDL Synthesis                          *
=========================================================================


=========================================================================
Advanced HDL Synthesis Report

Macro Statistics
# Adders/Subtractors                                   : 1
 2-bit adder                                           : 1
# Counters                                             : 3
 64-bit up counter                                     : 3

=========================================================================

=========================================================================
*                         Low Level Synthesis                           *
=========================================================================
WARNING:Xst:2677 - Node <temp_2> of sequential type is unconnected in block <code>.
WARNING:Xst:2677 - Node <temp_3> of sequential type is unconnected in block <code>.
WARNING:Xst:2677 - Node <temp_4> of sequential type is unconnected in block <code>.
WARNING:Xst:2677 - Node <temp_5> of sequential type is unconnected in block <code>.
WARNING:Xst:2677 - Node <temp_6> of sequential type is unconnected in block <code>.
WARNING:Xst:2677 - Node <temp_7> of sequential type is unconnected in block <code>.
WARNING:Xst:2677 - Node <temp_8> of sequential type is unconnected in block <code>.
WARNING:Xst:2677 - Node <temp_9> of sequential type is unconnected in block <code>.
WARNING:Xst:2677 - Node <temp_10> of sequential type is unconnected in block <code>.
WARNING:Xst:2677 - Node <temp_11> of sequential type is unconnected in block <code>.
WARNING:Xst:2677 - Node <temp_12> of sequential type is unconnected in block <code>.
WARNING:Xst:2677 - Node <temp_13> of sequential type is unconnected in block <code>.
WARNING:Xst:2677 - Node <temp_14> of sequential type is unconnected in block <code>.
WARNING:Xst:2677 - Node <temp_15> of sequential type is unconnected in block <code>.
WARNING:Xst:2677 - Node <temp_16> of sequential type is unconnected in block <code>.
WARNING:Xst:2677 - Node <temp_17> of sequential type is unconnected in block <code>.
WARNING:Xst:2677 - Node <temp_18> of sequential type is unconnected in block <code>.
WARNING:Xst:2677 - Node <temp_19> of sequential type is unconnected in block <code>.
WARNING:Xst:2677 - Node <temp_20> of sequential type is unconnected in block <code>.
WARNING:Xst:2677 - Node <temp_21> of sequential type is unconnected in block <code>.
WARNING:Xst:2677 - Node <temp_22> of sequential type is unconnected in block <code>.
WARNING:Xst:2677 - Node <temp_23> of sequential type is unconnected in block <code>.
WARNING:Xst:2677 - Node <temp_24> of sequential type is unconnected in block <code>.
WARNING:Xst:2677 - Node <temp_25> of sequential type is unconnected in block <code>.
WARNING:Xst:2677 - Node <temp_26> of sequential type is unconnected in block <code>.
WARNING:Xst:2677 - Node <temp_27> of sequential type is unconnected in block <code>.
WARNING:Xst:2677 - Node <temp_28> of sequential type is unconnected in block <code>.
WARNING:Xst:2677 - Node <temp_29> of sequential type is unconnected in block <code>.
WARNING:Xst:2677 - Node <temp_30> of sequential type is unconnected in block <code>.
WARNING:Xst:2677 - Node <temp_31> of sequential type is unconnected in block <code>.
WARNING:Xst:2677 - Node <temp_32> of sequential type is unconnected in block <code>.
WARNING:Xst:2677 - Node <temp_33> of sequential type is unconnected in block <code>.
WARNING:Xst:2677 - Node <temp_34> of sequential type is unconnected in block <code>.
WARNING:Xst:2677 - Node <temp_35> of sequential type is unconnected in block <code>.
WARNING:Xst:2677 - Node <temp_36> of sequential type is unconnected in block <code>.
WARNING:Xst:2677 - Node <temp_37> of sequential type is unconnected in block <code>.
WARNING:Xst:2677 - Node <temp_38> of sequential type is unconnected in block <code>.
WARNING:Xst:2677 - Node <temp_39> of sequential type is unconnected in block <code>.
WARNING:Xst:2677 - Node <temp_40> of sequential type is unconnected in block <code>.
WARNING:Xst:2677 - Node <temp_41> of sequential type is unconnected in block <code>.
WARNING:Xst:2677 - Node <temp_42> of sequential type is unconnected in block <code>.
WARNING:Xst:2677 - Node <temp_43> of sequential type is unconnected in block <code>.
WARNING:Xst:2677 - Node <temp_44> of sequential type is unconnected in block <code>.
WARNING:Xst:2677 - Node <temp_45> of sequential type is unconnected in block <code>.
WARNING:Xst:2677 - Node <temp_46> of sequential type is unconnected in block <code>.
WARNING:Xst:2677 - Node <temp_47> of sequential type is unconnected in block <code>.
WARNING:Xst:2677 - Node <temp_48> of sequential type is unconnected in block <code>.
WARNING:Xst:2677 - Node <temp_49> of sequential type is unconnected in block <code>.
WARNING:Xst:2677 - Node <temp_50> of sequential type is unconnected in block <code>.
WARNING:Xst:2677 - Node <temp_51> of sequential type is unconnected in block <code>.
WARNING:Xst:2677 - Node <temp_52> of sequential type is unconnected in block <code>.
WARNING:Xst:2677 - Node <temp_53> of sequential type is unconnected in block <code>.
WARNING:Xst:2677 - Node <temp_54> of sequential type is unconnected in block <code>.
WARNING:Xst:2677 - Node <temp_55> of sequential type is unconnected in block <code>.
WARNING:Xst:2677 - Node <temp_56> of sequential type is unconnected in block <code>.
WARNING:Xst:2677 - Node <temp_57> of sequential type is unconnected in block <code>.
WARNING:Xst:2677 - Node <temp_58> of sequential type is unconnected in block <code>.
WARNING:Xst:2677 - Node <temp_59> of sequential type is unconnected in block <code>.
WARNING:Xst:2677 - Node <temp_60> of sequential type is unconnected in block <code>.
WARNING:Xst:2677 - Node <temp_61> of sequential type is unconnected in block <code>.
WARNING:Xst:2677 - Node <temp_62> of sequential type is unconnected in block <code>.
WARNING:Xst:2677 - Node <temp_63> of sequential type is unconnected in block <code>.

Optimizing unit <code> ...

Mapping all equations...
Building and optimizing final netlist ...
Found area constraint ratio of 100 (+ 5) on block code, actual ratio is 11.

Final Macro Processing ...

=========================================================================
Final Register Report

Macro Statistics
# Registers                                            : 130
 Flip-Flops                                            : 130

=========================================================================

=========================================================================
*                           Partition Report                            *
=========================================================================

Partition Implementation Status
-------------------------------

  No Partitions were found in this design.

-------------------------------

=========================================================================
*                            Final Report                               *
=========================================================================
Final Results
RTL Top Level Output File Name     : code.ngr
Top Level Output File Name         : code
Output Format                      : NGC
Optimization Goal                  : Speed
Keep Hierarchy                     : No

Design Statistics
# IOs                              : 132

Cell Usage :
# BELS                             : 392
#      GND                         : 1
#      INV                         : 3
#      LUT1                        : 127
#      LUT2                        : 1
#      LUT3                        : 1
#      LUT4                        : 1
#      MUXCY                       : 127
#      VCC                         : 1
#      XORCY                       : 130
# FlipFlops/Latches                : 130
#      FDE                         : 2
#      FDRE                        : 128
# Clock Buffers                    : 1
#      BUFGP                       : 1
# IO Buffers                       : 131
#      IBUF                        : 3
#      OBUF                        : 128
=========================================================================

Device utilization summary:
---------------------------

Selected Device : xa3s50vqg100-4 

 Number of Slices:                       87  out of    768    11%  
 Number of Slice Flip Flops:            130  out of   1536     8%  
 Number of 4 input LUTs:                133  out of   1536     8%  
 Number of IOs:                         132
 Number of bonded IOBs:                 132  out of     63   209% (*) 
 Number of GCLKs:                         1  out of      8    12%  

WARNING:Xst:1336 -  (*) More than 100% of Device resources are used

---------------------------
Partition Resource Summary:
---------------------------

  No Partitions were found in this design.

---------------------------


=========================================================================
TIMING REPORT

NOTE: THESE TIMING NUMBERS ARE ONLY A SYNTHESIS ESTIMATE.
      FOR ACCURATE TIMING INFORMATION PLEASE REFER TO THE TRACE REPORT
      GENERATED AFTER PLACE-and-ROUTE.

Clock Information:
------------------
-----------------------------------+------------------------+-------+
Clock Signal                       | Clock buffer(FF name)  | Load  |
-----------------------------------+------------------------+-------+
Clk                                | BUFGP                  | 130   |
-----------------------------------+------------------------+-------+

Asynchronous Control Signals Information:
----------------------------------------
No asynchronous control signals found in this design

Timing Summary:
---------------
Speed Grade: -4

   Minimum period: 7.998ns (Maximum Frequency: 125.031MHz)
   Minimum input arrival time before clock: 5.599ns
   Maximum output required time after clock: 7.241ns
   Maximum combinational path delay: No path found

Timing Detail:
--------------
All values displayed in nanoseconds (ns)

=========================================================================
Timing constraint: Default period analysis for Clock 'Clk'
  Clock period: 7.998ns (frequency: 125.031MHz)
  Total number of paths / destination ports: 4291 / 194
-------------------------------------------------------------------------
Delay:               7.998ns (Levels of Logic = 64)
  Source:            ot0_1 (FF)
  Destination:       ot0_63 (FF)
  Source Clock:      Clk rising
  Destination Clock: Clk rising

  Data Path: ot0_1 to ot0_63
                                Gate     Net
    Cell:in->out      fanout   Delay   Delay  Logical Name (Net Name)
    ----------------------------------------  ------------
     FDRE:C->Q             2   0.720   1.216  ot0_1 (ot0_1)
     LUT1:I0->O            1   0.551   0.000  Mcount_ot0_cy<1>_rt (Mcount_ot0_cy<1>_rt)
     MUXCY:S->O            1   0.500   0.000  Mcount_ot0_cy<1> (Mcount_ot0_cy<1>)
     MUXCY:CI->O           1   0.064   0.000  Mcount_ot0_cy<2> (Mcount_ot0_cy<2>)
     MUXCY:CI->O           1   0.064   0.000  Mcount_ot0_cy<3> (Mcount_ot0_cy<3>)
     MUXCY:CI->O           1   0.064   0.000  Mcount_ot0_cy<4> (Mcount_ot0_cy<4>)
     MUXCY:CI->O           1   0.064   0.000  Mcount_ot0_cy<5> (Mcount_ot0_cy<5>)
     MUXCY:CI->O           1   0.064   0.000  Mcount_ot0_cy<6> (Mcount_ot0_cy<6>)
     MUXCY:CI->O           1   0.064   0.000  Mcount_ot0_cy<7> (Mcount_ot0_cy<7>)
     MUXCY:CI->O           1   0.064   0.000  Mcount_ot0_cy<8> (Mcount_ot0_cy<8>)
     MUXCY:CI->O           1   0.064   0.000  Mcount_ot0_cy<9> (Mcount_ot0_cy<9>)
     MUXCY:CI->O           1   0.064   0.000  Mcount_ot0_cy<10> (Mcount_ot0_cy<10>)
     MUXCY:CI->O           1   0.064   0.000  Mcount_ot0_cy<11> (Mcount_ot0_cy<11>)
     MUXCY:CI->O           1   0.064   0.000  Mcount_ot0_cy<12> (Mcount_ot0_cy<12>)
     MUXCY:CI->O           1   0.064   0.000  Mcount_ot0_cy<13> (Mcount_ot0_cy<13>)
     MUXCY:CI->O           1   0.064   0.000  Mcount_ot0_cy<14> (Mcount_ot0_cy<14>)
     MUXCY:CI->O           1   0.064   0.000  Mcount_ot0_cy<15> (Mcount_ot0_cy<15>)
     MUXCY:CI->O           1   0.064   0.000  Mcount_ot0_cy<16> (Mcount_ot0_cy<16>)
     MUXCY:CI->O           1   0.064   0.000  Mcount_ot0_cy<17> (Mcount_ot0_cy<17>)
     MUXCY:CI->O           1   0.064   0.000  Mcount_ot0_cy<18> (Mcount_ot0_cy<18>)
     MUXCY:CI->O           1   0.064   0.000  Mcount_ot0_cy<19> (Mcount_ot0_cy<19>)
     MUXCY:CI->O           1   0.064   0.000  Mcount_ot0_cy<20> (Mcount_ot0_cy<20>)
     MUXCY:CI->O           1   0.064   0.000  Mcount_ot0_cy<21> (Mcount_ot0_cy<21>)
     MUXCY:CI->O           1   0.064   0.000  Mcount_ot0_cy<22> (Mcount_ot0_cy<22>)
     MUXCY:CI->O           1   0.064   0.000  Mcount_ot0_cy<23> (Mcount_ot0_cy<23>)
     MUXCY:CI->O           1   0.064   0.000  Mcount_ot0_cy<24> (Mcount_ot0_cy<24>)
     MUXCY:CI->O           1   0.064   0.000  Mcount_ot0_cy<25> (Mcount_ot0_cy<25>)
     MUXCY:CI->O           1   0.064   0.000  Mcount_ot0_cy<26> (Mcount_ot0_cy<26>)
     MUXCY:CI->O           1   0.064   0.000  Mcount_ot0_cy<27> (Mcount_ot0_cy<27>)
     MUXCY:CI->O           1   0.064   0.000  Mcount_ot0_cy<28> (Mcount_ot0_cy<28>)
     MUXCY:CI->O           1   0.064   0.000  Mcount_ot0_cy<29> (Mcount_ot0_cy<29>)
     MUXCY:CI->O           1   0.064   0.000  Mcount_ot0_cy<30> (Mcount_ot0_cy<30>)
     MUXCY:CI->O           1   0.064   0.000  Mcount_ot0_cy<31> (Mcount_ot0_cy<31>)
     MUXCY:CI->O           1   0.064   0.000  Mcount_ot0_cy<32> (Mcount_ot0_cy<32>)
     MUXCY:CI->O           1   0.064   0.000  Mcount_ot0_cy<33> (Mcount_ot0_cy<33>)
     MUXCY:CI->O           1   0.064   0.000  Mcount_ot0_cy<34> (Mcount_ot0_cy<34>)
     MUXCY:CI->O           1   0.064   0.000  Mcount_ot0_cy<35> (Mcount_ot0_cy<35>)
     MUXCY:CI->O           1   0.064   0.000  Mcount_ot0_cy<36> (Mcount_ot0_cy<36>)
     MUXCY:CI->O           1   0.064   0.000  Mcount_ot0_cy<37> (Mcount_ot0_cy<37>)
     MUXCY:CI->O           1   0.064   0.000  Mcount_ot0_cy<38> (Mcount_ot0_cy<38>)
     MUXCY:CI->O           1   0.064   0.000  Mcount_ot0_cy<39> (Mcount_ot0_cy<39>)
     MUXCY:CI->O           1   0.064   0.000  Mcount_ot0_cy<40> (Mcount_ot0_cy<40>)
     MUXCY:CI->O           1   0.064   0.000  Mcount_ot0_cy<41> (Mcount_ot0_cy<41>)
     MUXCY:CI->O           1   0.064   0.000  Mcount_ot0_cy<42> (Mcount_ot0_cy<42>)
     MUXCY:CI->O           1   0.064   0.000  Mcount_ot0_cy<43> (Mcount_ot0_cy<43>)
     MUXCY:CI->O           1   0.064   0.000  Mcount_ot0_cy<44> (Mcount_ot0_cy<44>)
     MUXCY:CI->O           1   0.064   0.000  Mcount_ot0_cy<45> (Mcount_ot0_cy<45>)
     MUXCY:CI->O           1   0.064   0.000  Mcount_ot0_cy<46> (Mcount_ot0_cy<46>)
     MUXCY:CI->O           1   0.064   0.000  Mcount_ot0_cy<47> (Mcount_ot0_cy<47>)
     MUXCY:CI->O           1   0.064   0.000  Mcount_ot0_cy<48> (Mcount_ot0_cy<48>)
     MUXCY:CI->O           1   0.064   0.000  Mcount_ot0_cy<49> (Mcount_ot0_cy<49>)
     MUXCY:CI->O           1   0.064   0.000  Mcount_ot0_cy<50> (Mcount_ot0_cy<50>)
     MUXCY:CI->O           1   0.064   0.000  Mcount_ot0_cy<51> (Mcount_ot0_cy<51>)
     MUXCY:CI->O           1   0.064   0.000  Mcount_ot0_cy<52> (Mcount_ot0_cy<52>)
     MUXCY:CI->O           1   0.064   0.000  Mcount_ot0_cy<53> (Mcount_ot0_cy<53>)
     MUXCY:CI->O           1   0.064   0.000  Mcount_ot0_cy<54> (Mcount_ot0_cy<54>)
     MUXCY:CI->O           1   0.064   0.000  Mcount_ot0_cy<55> (Mcount_ot0_cy<55>)
     MUXCY:CI->O           1   0.064   0.000  Mcount_ot0_cy<56> (Mcount_ot0_cy<56>)
     MUXCY:CI->O           1   0.064   0.000  Mcount_ot0_cy<57> (Mcount_ot0_cy<57>)
     MUXCY:CI->O           1   0.064   0.000  Mcount_ot0_cy<58> (Mcount_ot0_cy<58>)
     MUXCY:CI->O           1   0.064   0.000  Mcount_ot0_cy<59> (Mcount_ot0_cy<59>)
     MUXCY:CI->O           1   0.064   0.000  Mcount_ot0_cy<60> (Mcount_ot0_cy<60>)
     MUXCY:CI->O           1   0.064   0.000  Mcount_ot0_cy<61> (Mcount_ot0_cy<61>)
     MUXCY:CI->O           0   0.064   0.000  Mcount_ot0_cy<62> (Mcount_ot0_cy<62>)
     XORCY:CI->O           1   0.904   0.000  Mcount_ot0_xor<63> (Result<63>)
     FDRE:D                    0.203          ot0_63
    ----------------------------------------
    Total                      7.998ns (6.782ns logic, 1.216ns route)
                                       (84.8% logic, 15.2% route)

=========================================================================
Timing constraint: Default OFFSET IN BEFORE for Clock 'Clk'
  Total number of paths / destination ports: 390 / 258
-------------------------------------------------------------------------
Offset:              5.599ns (Levels of Logic = 2)
  Source:            Reset (PAD)
  Destination:       temp_0 (FF)
  Destination Clock: Clk rising

  Data Path: Reset to temp_0
                                Gate     Net
    Cell:in->out      fanout   Delay   Delay  Logical Name (Net Name)
    ----------------------------------------  ------------
     IBUF:I->O           129   0.821   2.748  Reset_IBUF (Reset_IBUF)
     LUT3:I0->O            2   0.551   0.877  temp_not00011 (temp_not0001)
     FDE:CE                    0.602          temp_0
    ----------------------------------------
    Total                      5.599ns (1.974ns logic, 3.625ns route)
                                       (35.3% logic, 64.7% route)

=========================================================================
Timing constraint: Default OFFSET OUT AFTER for Clock 'Clk'
  Total number of paths / destination ports: 128 / 128
-------------------------------------------------------------------------
Offset:              7.241ns (Levels of Logic = 1)
  Source:            ot0_63 (FF)
  Destination:       Output0<63> (PAD)
  Source Clock:      Clk rising

  Data Path: ot0_63 to Output0<63>
                                Gate     Net
    Cell:in->out      fanout   Delay   Delay  Logical Name (Net Name)
    ----------------------------------------  ------------
     FDRE:C->Q             2   0.720   0.877  ot0_63 (ot0_63)
     OBUF:I->O                 5.644          Output0_63_OBUF (Output0<63>)
    ----------------------------------------
    Total                      7.241ns (6.364ns logic, 0.877ns route)
                                       (87.9% logic, 12.1% route)

=========================================================================


Total REAL time to Xst completion: 6.00 secs
Total CPU time to Xst completion: 6.19 secs
 
--> 

Total memory usage is 4550560 kilobytes

Number of errors   :    0 (   0 filtered)
Number of warnings :   63 (   0 filtered)
Number of infos    :    0 (   0 filtered)

