Command line:
   pipeline_tb_isim_beh.exe
     -simmode  gui
     -simrunnum  0
     -socket  57734

Wed Oct 17 00:50:38 2018


 Elaboration Time: 0.296875 sec

 Current Memory Usage: 5986.24 Meg

 Total Signals          : 19
 Total Nets             : 174
 Total Signal Drivers   : 11
 Total Blocks           : 3
 Total Primitive Blocks : 2
 Total Processes        : 16
 Total Traceable Variables  : 26
 Total Scalar Nets and Variables : 511
Total Line Count : 39

 Total Simulation Time: 0.921875 sec

 Current Memory Usage: 5357.06 Meg

Wed Oct 17 00:57:25 2018

