ISim log file
Running: H:\ISE\P5\mip_tb_isim_beh.exe -intstyle ise -gui -tclbatch isim.cmd -wdb H:/ISE/P5/mip_tb_isim_beh.wdb 
ISim P.20131013 (signature 0x7708f090)
WARNING: A WEBPACK license was found.
WARNING: Please use Xilinx License Configuration Manager to check out a full ISim license.
WARNING: ISim will run in Lite mode. Please refer to the ISim documentation for more information on the differences between the Lite and the Full version.
This is a Lite version of ISim.
Time resolution is 1 ps
# onerror resume
# wave add /
# run 1000 ns
Simulator is doing circuit initialization process.
Finished circuit initialization process.
                  29 @00003160: $ 1 <= abbd0000
                  35 @00003178: $ 1 <= abbd47a1
                  39 @000031c0: $ 2 <= c5660000
                  43 @00003120: $ 2 <= c56646a4
                  47 @00003180: $ 3 <= 8ecb0000
                  53 @000031e4: $ 3 <= 8ecb8877
                  57 @00003058: $ 4 <= 6f590000
                  61 @00003110: $ 4 <= 6f591dbf
                  65 @00003108: $ 5 <= 89940000
                  71 @000030e0: $ 5 <= 8994622f
                  75 @00003218: $ 6 <= 506a0000
                  79 @0000307c: $ 6 <= 506a6a63
                  83 @00003210: $ 7 <= 402f0000
                  89 @000030a0: $ 7 <= 402f87b2
                  93 @000031fc: $ 8 <= 41320000
                  97 @00003198: $ 8 <= 41323375
                 101 @00003020: $ 9 <= 49690000
                 107 @000030bc: $ 9 <= 4969ee0c
                 111 @000030d4: $10 <= 125c0000
                 115 @000030f0: $10 <= 125cb0c5
                 119 @00003100: $11 <= c2d30000
                 125 @0000313c: $11 <= c2d3083f
                 129 @000030f8: $12 <= da0c0000
                 133 @0000306c: $12 <= da0c09dd
                 137 @0000308c: $13 <= 986d0000
                 143 @0000302c: $13 <= 986d4c9a
                 147 @00003050: $14 <= 51de0000
                 151 @00003048: $14 <= 51de052c
                 155 @000031ac: $15 <= 6f1e0000
                 161 @000031b8: $15 <= 6f1eabdc
                 165 @00003130: $16 <= d4000000
                 169 @00003084: $16 <= d4006d7e
                 173 @000031d0: $17 <= 46b20000
                 179 @00003208: $17 <= 46b25c6b
                 183 @000031c8: $18 <= ba4c0000
                 187 @00003190: $18 <= ba4c6eec
                 191 @000030c4: $19 <= 60030000
                 197 @000031a4: $19 <= 6003eb1d
                 201 @00003094: $20 <= b2440000
                 205 @000030cc: $20 <= b2445c41
                 209 @000031d8: $21 <= 5a550000
                 215 @0000316c: $21 <= 5a556d31
                 219 @000030a8: $22 <= bc680000
                 223 @000031f4: $22 <= bc68a11d
                 227 @00003238: $23 <= 8eef0000
                 233 @00003064: $23 <= 8eef5ec7
                 237 @00003074: $24 <= c03d0000
                 241 @00003228: $24 <= c03dfad3
                 245 @000031ec: $25 <= 91500000
                 251 @00003158: $25 <= 9150be64
                 255 @0000300c: $26 <= 9efb0000
                 259 @00003220: $26 <= 9efb54dc
                 263 @000030b0: $27 <= 53150000
                 269 @00003040: $27 <= 53154592
                 273 @00003144: $28 <= 83db0000
                 277 @00003034: $28 <= 83db459b
                 281 @0000314c: $29 <= 66b30000
                 287 @00003018: $29 <= 66b33034
                 291 @000030e8: $30 <= 38df0000
                 295 @00003128: $30 <= 38dfa03b
                 299 @00003230: $31 <= 7eeb0000
                 303 @00003118: $31 <= ee380000
                 305 @0000323c: $11 <= c2d39c3f
                 305 @00003240: *00000000 <= c2d39c3f
                 309 @00003244: $22 <= bc68b55f
                 311 @0000324c: *00000004 <= bc68b55f
                 315 @00003250: $ 8 <= c2386d7e
                 319 @0000325c: *00000008 <= c2386d7e
                 323 @00003260: $20 <= 8396031b
                 323 @00003264: *0000000c <= 8396031b
                 327 @00003268: $ 9 <= af4e338e
                 329 @00003270: *00000010 <= af4e338e
                 333 @00003274: $19 <= e204a459
                 337 @00003280: *00000014 <= e204a459
                 341 @00003284: $ 5 <= bd8547a1
                 341 @00003288: *00000018 <= bd8547a1
                 345 @0000328c: $22 <= ef65bf3f
                 347 @00003294: *0000001c <= ef65bf3f
                 351 @00003298: $10 <= 29a58cab
                 355 @000032a4: *00000020 <= 29a58cab
                 359 @000032a8: $19 <= 8ecb8877
                 359 @000032ac: *00000024 <= 8ecb8877
                 363 @000032b0: $22 <= 1480b332
                 365 @000032b8: *00000028 <= 1480b332
                 369 @000032bc: $19 <= d7c7877f
                 373 @000032c8: *0000002c <= d7c7877f
                 377 @000032d0: *00000030 <= 00000000
                 381 @000032d4: $21 <= 5a556ff9
                 383 @000032dc: *00000034 <= 5a556ff9
                 387 @000032e0: $13 <= f75a1275
                 391 @000032ec: *00000038 <= f75a1275
                 395 @000032f0: $11 <= 3a88d018
                 395 @000032f4: *0000003c <= 3a88d018
                 399 @000032f8: $27 <= 12505797
                 401 @00003300: *00000040 <= 12505797
                 405 @00003304: $27 <= 57dbb319
                 409 @00003310: *00000044 <= 57dbb319
                 413 @00003314: $25 <= 9150be6c
                 413 @00003318: *00000048 <= 9150be6c
                 417 @0000331c: $31 <= ee38ff5f
                 419 @00003324: *0000004c <= ee38ff5f
                 423 @00003328: $13 <= f75aff77
                 427 @00003334: *00000050 <= f75aff77
                 431 @00003338: $ 5 <= bd856fbd
                 431 @0000333c: *00000054 <= bd856fbd
                 435 @00003340: $13 <= f75aff77
                 437 @00003348: *00000058 <= f75aff77
                 441 @0000334c: $16 <= 00454280
                 445 @00003358: *0000005c <= 00454280
                 449 @0000335c: $ 6 <= 5a9ab279
                 449 @00003360: *00000060 <= 5a9ab279
                 453 @00003364: $22 <= 4c4fd0b9
                 455 @0000336c: *00000064 <= 4c4fd0b9
                 459 @00003370: $25 <= b727d748
                 463 @0000337c: *00000068 <= b727d748
                 467 @00003384: *0000006c <= 00000000
                 471 @00003388: $24 <= c03dfefb
                 473 @00003390: *00000070 <= c03dfefb
                 477 @00003394: $13 <= 3ace1298
                 481 @000033a0: *00000074 <= 3ace1298
                 485 @000033a4: $14 <= 823056c4
                 485 @000033a8: *00000078 <= 823056c4
                 489 @000033ac: $15 <= 1819b214
                 491 @000033b4: *0000007c <= 1819b214
                 495 @000033b8: $20 <= eb7f48a6
                 499 @000033c4: *00000080 <= eb7f48a6
                 503 @000033c8: $13 <= 6bc19387
                 503 @000033cc: *00000084 <= 6bc19387
                 507 @000033d0: $28 <= 83dbdf9b
                 509 @000033d8: *00000088 <= 83dbdf9b
                 513 @000033dc: $31 <= e98a1140
                 517 @000033e8: *0000008c <= e98a1140
                 521 @000033ec: $10 <= 29a5afeb
                 521 @000033f0: *00000090 <= 29a5afeb
                 525 @000033f4: $21 <= 3e3d9255
                 527 @000033fc: *00000094 <= 3e3d9255
                 531 @00003400: $22 <= 9992124c
                 535 @0000340c: *00000098 <= 9992124c
                 539 @00003410: $16 <= 954758e1
                 539 @00003414: *0000009c <= 954758e1
                 543 @00003418: $12 <= 943dd279
                 545 @00003420: *000000a0 <= 943dd279
                 549 @00003424: $ 6 <= c337c237
                 553 @00003430: *000000a4 <= c337c237
                 557 @00003434: $12 <= 943dfb7b
                 557 @00003438: *000000a8 <= 943dfb7b
                 561 @0000343c: $16 <= 9547dde1
                 563 @00003444: *000000ac <= 9547dde1
                 567 @00003448: $11 <= 3a88d87f
                 571 @00003454: *000000b0 <= 3a88d87f
                 573 @00003458: *000000b4 <= 66b33034
                 575 @0000345c: *000000b8 <= e98a1140
                 577 @00003460: *000000bc <= abbd47a1
                 581 @00003464: $29 <= 00000fdc
                 583 @00003468: $ 1 <= 00000020
                 585 @0000346c: $31 <= 00003474
                 587 @0000381c: *00000fdc <= 6f591dbf
                 589 @00003820: *00000fec <= 00003474
                 591 @00003824: *00000fe0 <= bd856fbd
                 593 @00003828: *00000fe4 <= c337c237
                 595 @0000382c: *00000fe8 <= 402f87b2
                 597 @00003830: *00000ff0 <= c2386d7e
                 599 @00003834: *00000ff4 <= af4e338e
                 601 @00003838: *00000ff8 <= 29a5afeb
                 605 @0000383c: $17 <= 00000054
                 607 @00003840: $18 <= 000000dc
                 609 @00003844: $ 8 <= d7c7877f
                 611 @00003848: $ 9 <= 6bc19387
                 615 @0000384c: $ 7 <= 43891b06
                 617 @00003850: $ 4 <= 4720a53e
                 619 @00003854: $ 5 <= 29470344
                 621 @00003858: $10 <= 7067a882
                 623 @0000385c: $ 4 <= 7067abc2
                 625 @00003860: $10 <= e0cf5104
                 627 @00003864: $10 <= c19ea208
                 629 @00003868: $ 5 <= c19efb0a
                 631 @0000386c: $ 6 <= c19efbfa
                 639 @0000387c: $31 <= 00003884
                 641 @00003880: $29 <= 00000fbc
                 641 @00003898: *00000fbc <= 7067abc2
                 643 @0000389c: *00000fc0 <= c19efb0a
                 645 @000038a0: *00000fcc <= 00003884
                 647 @000038a4: *00000fc4 <= c19efbfa
                 649 @000038a8: *00000fc8 <= 43891b06
                 651 @000038ac: *00000fd0 <= d7c7877f
                 653 @000038b0: *00000fd4 <= 6bc19387
                 655 @000038b4: *00000fd8 <= c19ea208
                 659 @000038b8: $17 <= 00000098
                 661 @000038bc: $18 <= 00000036
                 663 @000038c0: $ 9 <= 00000000
                 665 @000038c4: $ 8 <= 00000000
                 669 @000038c8: $ 7 <= 00000000
                 671 @000038cc: $ 4 <= 7067abc2
                 673 @000038d0: $ 5 <= c19efb0a
                 675 @000038d4: $10 <= 3206a6cc
                 677 @000038d8: $ 4 <= 3206f6fd
                 679 @000038dc: $10 <= 640d4d98
                 681 @000038e0: $10 <= c81a9b30
                 683 @000038e4: $ 5 <= c81aff3b
                 685 @000038e8: $ 6 <= c81afffb
                 693 @000038f4: $31 <= 000038fc
                 695 @000038f8: $29 <= 00000f9c
                 695 @00003908: *00000fac <= 000038fc
                 697 @0000390c: *00000f9c <= 3206f6fd
                 699 @00003910: *00000fa0 <= c81aff3b
                 701 @00003914: *00000fa4 <= c81afffb
                 703 @00003918: *00000fa8 <= 00000000
                 705 @0000391c: *00000fb0 <= 00000000
                 707 @00003920: *00000fb4 <= 00000000
                 709 @00003924: *00000fb8 <= c81a9b30
                 713 @00003928: $17 <= 0000008b
                 715 @0000392c: $18 <= 0000012e
                 717 @00003930: $ 8 <= b727d748
                 719 @00003934: $ 9 <= 00000000
                 723 @00003938: $ 7 <= b727d748
                 725 @0000393c: $ 4 <= e92ece45
                 727 @00003940: $ 5 <= c81aff3b
                 729 @00003944: $10 <= b149cd80
                 731 @00003948: $ 4 <= b149ff92
                 733 @0000394c: $10 <= 62939b00
                 735 @00003950: $10 <= c5273600
                 737 @00003954: $ 5 <= c527bf05
                 739 @00003958: $ 6 <= c527bff5
                 747 @00003968: $31 <= 00003970
                 749 @0000396c: $29 <= 00000f7c
                 749 @00003da4: *00000f7c <= b149ff92
                 751 @00003da8: *00000f8c <= 00003970
                 753 @00003dac: *00000f80 <= c527bf05
                 755 @00003db0: *00000f84 <= c527bff5
                 757 @00003db4: *00000f88 <= b727d748
                 759 @00003db8: *00000f90 <= b727d748
                 761 @00003dbc: *00000f94 <= 00000000
                 763 @00003dc0: *00000f98 <= c5273600
                 767 @00003dc4: $17 <= 00000182
                 769 @00003dc8: $18 <= 000000c2
                 771 @00003dcc: $ 8 <= 00000000
                 773 @00003dd0: $ 9 <= 5a556ff9
                 777 @00003dd4: $ 7 <= 5a556ff9
                 779 @00003dd8: $ 4 <= b149ff92
                 781 @00003ddc: $ 5 <= 1f7d2efe
                 783 @00003de0: $10 <= d0c72e90
                 785 @00003de4: $ 4 <= d0c76ebd
                 787 @00003de8: $10 <= a18e5d20
                 789 @00003dec: $10 <= 431cba40
                 791 @00003df0: $ 5 <= 431cbb40
                 793 @00003df4: $ 6 <= 431cbbf0
                 801 @00003e04: $31 <= 00003e0c
                 803 @00003e08: $29 <= 00000f5c
                 803 @00003ae0: *00000f5c <= d0c76ebd
                 805 @00003ae4: *00000f6c <= 00003e0c
                 807 @00003ae8: *00000f60 <= 431cbb40
                 809 @00003aec: *00000f64 <= 431cbbf0
                 811 @00003af0: *00000f68 <= 5a556ff9
                 813 @00003af4: *00000f70 <= 00000000
                 815 @00003af8: *00000f74 <= 5a556ff9
                 817 @00003afc: *00000f78 <= 431cba40
                 821 @00003b00: $17 <= 0000013f
                 823 @00003b04: $18 <= 000000d4
                 825 @00003b08: $ 8 <= 9992124c
                 827 @00003b0c: $ 9 <= 00000000
                 831 @00003b10: $ 7 <= 9992124c
                 833 @00003b14: $ 4 <= 6a598109
                 835 @00003b18: $ 5 <= 431cbb40
                 837 @00003b1c: $10 <= ad763c49
                 839 @00003b20: $ 4 <= ad76bc6f
                 841 @00003b24: $10 <= 5aec7892
                 843 @00003b28: $10 <= b5d8f124
                 845 @00003b2c: $ 5 <= b5d8f727
                 847 @00003b30: $ 6 <= b5d8f7f7
                 855 @00003b40: $31 <= 00003b48
                 857 @00003b44: $29 <= 00000f3c
                 857 @00003c44: *00000f3c <= ad76bc6f
                 859 @00003c48: *00000f4c <= 00003b48
                 861 @00003c4c: *00000f40 <= b5d8f727
                 863 @00003c50: *00000f44 <= b5d8f7f7
                 865 @00003c54: *00000f48 <= 9992124c
                 867 @00003c58: *00000f50 <= 9992124c
                 869 @00003c5c: *00000f54 <= 00000000
                 871 @00003c60: *00000f58 <= b5d8f124
                 875 @00003c64: $17 <= 000000e4
                 877 @00003c68: $18 <= 000000ff
                 879 @00003c6c: $ 9 <= 4c4fd0b9
                 881 @00003c70: $ 8 <= 00000000
                 885 @00003c74: $ 7 <= 4c4fd0b9
                 887 @00003c78: $ 4 <= ad76bc6f
                 889 @00003c7c: $ 5 <= 0228c7e0
                 891 @00003c80: $10 <= af9f844f
                 893 @00003c84: $ 4 <= af9fde6f
                 895 @00003c88: $10 <= 5f3f089e
                 897 @00003c8c: $10 <= be7e113c
                 899 @00003c90: $ 5 <= be7e553e
                 901 @00003c94: $ 6 <= be7e55fe
                 909 @00003ca0: $31 <= 00003ca8
                 911 @00003ca4: $29 <= 00000f1c
                 911 @00003d30: *00000f2c <= 00003ca8
                 913 @00003d34: *00000f1c <= af9fde6f
                 915 @00003d38: *00000f20 <= be7e553e
                 917 @00003d3c: *00000f24 <= be7e55fe
                 919 @00003d40: *00000f28 <= 4c4fd0b9
                 921 @00003d44: *00000f30 <= 00000000
                 923 @00003d48: *00000f34 <= 4c4fd0b9
                 925 @00003d4c: *00000f38 <= be7e113c
                 929 @00003d50: $17 <= 000000f8
                 931 @00003d54: $18 <= 00000048
                 933 @00003d58: $ 9 <= 00000000
                 935 @00003d5c: $ 8 <= 00000000
                 939 @00003d60: $ 7 <= 00000000
                 941 @00003d64: $ 4 <= af9fde6f
                 943 @00003d68: $ 5 <= be7e553e
                 945 @00003d6c: $10 <= 6e1e33ad
                 947 @00003d70: $ 4 <= 6e1e37fd
                 949 @00003d74: $10 <= dc3c675a
                 951 @00003d78: $10 <= b878ceb4
                 953 @00003d7c: $ 5 <= b878dfb6
                 955 @00003d80: $ 6 <= b878dff6
                 963 @00003d8c: $31 <= 00003d94
                 965 @00003d90: $29 <= 00000efc
                 965 @00003bcc: *00000f0c <= 00003d94
                 967 @00003bd0: *00000efc <= 6e1e37fd
                 969 @00003bd4: *00000f00 <= b878dfb6
                 971 @00003bd8: *00000f04 <= b878dff6
                 973 @00003bdc: *00000f08 <= 00000000
                 975 @00003be0: *00000f10 <= 00000000
                 977 @00003be4: *00000f14 <= 00000000
                 979 @00003be8: *00000f18 <= b878ceb4
                 983 @00003bec: $17 <= 000000df
                 985 @00003bf0: $18 <= 0000011b
                 987 @00003bf4: $ 8 <= 00000000
                 989 @00003bf8: $ 9 <= 00000000
                 993 @00003bfc: $ 7 <= 00000000
                 995 @00003c00: $ 4 <= 6e1e37fd
                 997 @00003c04: $ 5 <= b878dfb6
                 999 @00003c08: $10 <= 269717b3
# run 1.00us
                1001 @00003c0c: $ 4 <= 269777fb
                1003 @00003c10: $10 <= 4d2e2f66
                1005 @00003c14: $10 <= 9a5c5ecc
                1007 @00003c18: $ 5 <= 9a5cdfcd
                1009 @00003c1c: $ 6 <= 9a5cdffd
                1017 @00003c2c: $31 <= 00003c34
                1019 @00003c30: $29 <= 00000edc
                1019 @00003e90: *00000eec <= 00003c34
                1021 @00003e94: *00000edc <= 269777fb
                1023 @00003e98: *00000ee0 <= 9a5cdfcd
                1025 @00003e9c: *00000ee4 <= 9a5cdffd
                1027 @00003ea0: *00000ee8 <= 00000000
                1029 @00003ea4: *00000ef0 <= 00000000
                1031 @00003ea8: *00000ef4 <= 00000000
                1033 @00003eac: *00000ef8 <= 9a5c5ecc
                1037 @00003eb0: $17 <= 00000108
                1039 @00003eb4: $18 <= 0000016e
                1041 @00003eb8: $ 8 <= 5a556ff9
                1043 @00003ebc: $ 9 <= 00000000
                1047 @00003ec0: $ 7 <= 5a556ff9
                1049 @00003ec4: $ 4 <= 80ece7f4
                1051 @00003ec8: $ 5 <= 9a5cdfcd
                1053 @00003ecc: $10 <= 1b49c7c1
                1055 @00003ed0: $ 4 <= 1b49cfc9
                1057 @00003ed4: $10 <= 36938f82
                1059 @00003ed8: $10 <= 6d271f04
                1061 @00003edc: $ 5 <= 6d271f0d
                1063 @00003ee0: $ 6 <= 6d271ffd
                1071 @00003ef0: $31 <= 00003ef8
                1073 @00003ef4: $29 <= 00000ebc
                1073 @00003e20: *00000ebc <= 1b49cfc9
                1075 @00003e24: *00000ec0 <= 6d271f0d
                1077 @00003e28: *00000ecc <= 00003ef8
                1079 @00003e2c: *00000ec4 <= 6d271ffd
                1081 @00003e30: *00000ec8 <= 5a556ff9
                1083 @00003e34: *00000ed0 <= 5a556ff9
                1085 @00003e38: *00000ed4 <= 00000000
                1087 @00003e3c: *00000ed8 <= 6d271f04
                1091 @00003e40: $17 <= 000000b8
                1093 @00003e44: $18 <= 000000ff
                1095 @00003e48: $ 9 <= 00000000
                1097 @00003e4c: $ 8 <= 5a9ab279
                1101 @00003e50: $ 7 <= 5a9ab279
                1103 @00003e54: $ 4 <= 75e48242
                1105 @00003e58: $ 5 <= 6d271f0d
                1107 @00003e5c: $10 <= e30ba14f
                1109 @00003e60: $ 4 <= e30be9ff
                1111 @00003e64: $10 <= c617429e
                1113 @00003e68: $10 <= 8c2e853c
                1115 @00003e6c: $ 5 <= 8c2edd3d
                1117 @00003e70: $ 6 <= 8c2eddfd
                1125 @00003e7c: $31 <= 00003e84
                1127 @00003e80: $29 <= 00000e9c
                1127 @00003f08: *00000e9c <= e30be9ff
                1129 @00003f0c: *00000eac <= 00003e84
                1131 @00003f10: *00000ea0 <= 8c2edd3d
                1133 @00003f14: *00000ea4 <= 8c2eddfd
                1135 @00003f18: *00000ea8 <= 5a9ab279
                1137 @00003f1c: *00000eb0 <= 5a9ab279
                1139 @00003f20: *00000eb4 <= 00000000
                1141 @00003f24: *00000eb8 <= 8c2e853c
                1145 @00003f28: $17 <= 00000027
                1147 @00003f2c: $18 <= 0000012d
                1149 @00003f30: $ 9 <= 00000000
                1151 @00003f34: $ 8 <= 00000000
                1155 @00003f38: $ 7 <= 00000000
                1157 @00003f3c: $ 4 <= e30be9ff
                1159 @00003f40: $ 5 <= 8c2edd3d
                1161 @00003f44: $10 <= 6f3ac73c
                1163 @00003f48: $ 4 <= 6f3ac7fe
                1165 @00003f4c: $10 <= de758e78
                1167 @00003f50: $10 <= bceb1cf0
                1169 @00003f54: $ 5 <= bceb1ef1
                1171 @00003f58: $ 6 <= bceb1ef1
                1179 @00003f6c: $ 7 <= 00003e84
                1181 @00003f70: $29 <= 00000ebc
                1189 @00003e84: $ 7 <= 00003ef8
                1197 @00003e8c: $29 <= 00000edc
                1199 @00003ef8: $ 7 <= 00003c34
                1201 @00003efc: $29 <= 00000efc
                1209 @00003c34: $ 7 <= 00003d94
                1211 @00003c38: $29 <= 00000f1c
                1219 @00003d94: $ 7 <= 00003ca8
                1221 @00003d98: $29 <= 00000f3c
                1229 @00003ca8: $ 7 <= 00003b48
                1231 @00003cac: $29 <= 00000f5c
                1239 @00003b48: $ 7 <= 00003e0c
                1241 @00003b4c: $29 <= 00000f7c
                1249 @00003e0c: $ 7 <= 00003970
                1251 @00003e10: $29 <= 00000f9c
                1259 @00003970: $ 7 <= 000038fc
                1261 @00003974: $29 <= 00000fbc
                1269 @000038fc: $ 7 <= 00003884
                1277 @00003904: $29 <= 00000fdc
                1279 @00003884: $ 7 <= 00003474
                1281 @00003888: $29 <= 00000ffc
                1289 @00003474: $ 1 <= 00000000
                1291 @00003478: $ 1 <= 00000000
                1299 @0000348c: $ 1 <= 2af20000
                1301 @00003490: $ 2 <= 2af20000
                1309 @000034a4: $ 3 <= 2af30000
                1317 @000034b4: $ 4 <= 9a2dc7fe
                1319 @000034b8: $ 1 <= 61830000
                1321 @000034bc: $ 2 <= 8c750000
                1323 @000034c0: $ 5 <= 81240000
                1325 @000034c4: $ 4 <= e2a70000
                1327 @000034c8: $ 6 <= 3bc71ef1
                1329 @000034cc: $31 <= 000034d4
                1331 @000034d8: *000004d4 <= 00003474
                1335 @000034dc: $31 <= 00003474
                1339 @000034e0: $31 <= 00000000
                1341 @000034e4: $31 <= 000034ec
                1349 @000034f8: $31 <= 00000000
                1351 @000034fc: $31 <= 00003504
                1361 @00003514: $ 4 <= 00000004
                1363 @00003518: $ 5 <= 00000005
                1365 @0000351c: $ 1 <= 00000001
                1367 @00003520: $ 4 <= 00000005
                1377 @00003538: $ 1 <= 00000001
                1379 @0000353c: $ 2 <= 00000002
                1381 @00003540: $ 3 <= 00000003
                1383 @00003544: $ 4 <= 00000004
                1385 @00003548: $ 5 <= 00000006
                1387 @0000354c: $ 6 <= 00000005
                1389 @00003550: $ 5 <= 00000005
                1391 @00003554: $ 6 <= 00000003
                1399 @00003560: $31 <= 00003568
                1403 @00003568: $ 3 <= 0000356b
                1405 @0000356c: $ 4 <= ffffca9c
                1407 @00003570: $31 <= 00003578
                1413 @000037f8: $31 <= 000035ff
                1415 @00003578: $31 <= 00003580
                1419 @000037fc: $ 6 <= 0000358a
                1425 @00003580: $31 <= 00003588
                1431 @0000380c: $24 <= 000035ff
                1433 @00003588: $31 <= 00003590
                1437 @00003810: $25 <= 0000359a
                1441 @00003590: *000000c0 <= 00000000
                1443 @00003594: *000000c4 <= 00000001
                1445 @00003598: *000000c8 <= 00000002
                1447 @0000359c: *000000cc <= 0000356b
                1449 @000035a0: *000000d0 <= ffffca9c
                1451 @000035a4: *000000d4 <= 00000005
                1453 @000035a8: *000000d8 <= 0000358a
                1455 @000035ac: *000000dc <= 00003474
                1457 @000035b0: *000000e0 <= 00000000
                1459 @000035b4: *000000e4 <= 00000000
                1461 @000035b8: *000000e8 <= bceb1cf0
                1463 @000035bc: *000000ec <= 3a88d87f
                1465 @000035c0: *000000f0 <= 943dfb7b
                1467 @000035c4: *000000f4 <= 6bc19387
                1469 @000035c8: *000000f8 <= 823056c4
                1471 @000035cc: *000000fc <= 1819b214
                1473 @000035d0: *00000100 <= 9547dde1
                1475 @000035d4: *00000104 <= 00000027
                1477 @000035d8: *00000108 <= 0000012d
                1479 @000035dc: *0000010c <= d7c7877f
                1481 @000035e0: *00000110 <= eb7f48a6
                1483 @000035e4: *00000114 <= 3e3d9255
                1485 @000035e8: *00000118 <= 9992124c
                1487 @000035ec: *0000011c <= 8eef5ec7
                1489 @000035f0: *00000120 <= 000035ff
                1491 @000035f4: *00000124 <= 0000359a
                1493 @000035f8: *00000128 <= 9efb54dc
                1495 @000035fc: *0000012c <= 57dbb319
                1497 @00003600: *00000130 <= 83dbdf9b
                1499 @00003604: *00000134 <= 00000ffc
                1501 @00003608: *00000138 <= 38dfa03b
                1503 @0000360c: *0000013c <= 00003590
                1507 @00003610: $31 <= f8750000
                1511 @00003614: $31 <= 0000361c
                1515 @0000361c: $31 <= 00000002
                1515 @00003620: *00000140 <= 00000002
                1519 @00003624: $14 <= 6bc1c7fb
                1523 @00003628: $31 <= 00003630
                1525 @00003634: *00000144 <= 00003630
                1529 @00003638: $25 <= 8396031b
                1535 @0000363c: $31 <= 00003644
                1539 @00003644: $31 <= 00000002
                1539 @00003648: *00000148 <= 00000002
                1543 @0000364c: $29 <= 3a650000
                1547 @00003654: $31 <= 0000365c
                1549 @00003660: *0000014c <= 0000365c
                1553 @00003664: $10 <= 00003600
                1557 @0000366c: $31 <= 00003674
                1559 @00003678: *00000150 <= 00003674
                1563 @0000367c: $12 <= c337c237
                1569 @00003684: $31 <= 0000368c
                1573 @0000368c: $31 <= 00000002
                1573 @00003690: *00000154 <= 00000002
                1577 @00003694: $31 <= e4e10000
                1583 @000036a0: $31 <= 000036a8
                1587 @000036a8: $31 <= 00000002
                1587 @000036ac: *00000158 <= 00000002
                1591 @000036b0: $ 1 <= c337f6ab
                1597 @000036bc: $31 <= 000036c4
                1601 @000036c4: $31 <= 00000002
                1601 @000036c8: *0000015c <= 00000002
                1605 @000036cc: $20 <= 9547dde1
                1611 @000036d8: $31 <= 000036e0
                1615 @000036e0: $31 <= 00000002
                1615 @000036e4: *00000160 <= 00000002
                1619 @000036e8: $17 <= 4ba70000
                1623 @000036ec: $31 <= 000036f4
                1625 @000036f8: *00000164 <= 000036f4
                1629 @000036fc: $ 8 <= 7511b0fe
                1633 @00003700: $31 <= 00003708
                1635 @0000370c: *00000168 <= 00003708
                1639 @00003710: $ 1 <= 6bc19387
                1645 @00003714: $31 <= 0000371c
                1647 @00003720: *0000016c <= 0000371c
                1651 @00003724: $18 <= dbf90000
                1655 @0000372c: $31 <= 00003734
                1659 @00003734: $31 <= 00000002
                1659 @00003738: *00000170 <= 00000002
                1663 @0000373c: $23 <= 8396391a
                1667 @00003744: $31 <= 0000374c
                1671 @0000374c: $31 <= 00000002
                1671 @00003750: *00000174 <= 00000002
                1675 @00003754: $20 <= 00000002
                1681 @0000375c: $31 <= 00003764
                1683 @00003768: *00000178 <= 00003764
                1687 @0000376c: $21 <= 59a70000
                1693 @00003778: $31 <= 00003780
                1695 @00003784: *0000017c <= 00003780
                1699 @00003788: $ 8 <= 6bc1c987
                1705 @00003794: $31 <= 0000379c
                1707 @000037a0: *00000180 <= 0000379c
                1711 @000037a4: $ 4 <= f75aff77
                1717 @000037b0: $31 <= 000037b8
                1721 @000037b8: $31 <= 00000002
                1721 @000037bc: *00000184 <= 00000002
                1725 @000037c0: $ 4 <= 0000000c
                1727 @000037c4: $31 <= 000037cc
                1731 @000037cc: $31 <= 000037d8
                1737 @000037d4: $ 4 <= 00000008
                1739 @000037d8: $31 <= 000037e0
# run 1.00us
